2023-05-12 09:00 - SECS通讯日志 - S1F1: [Header], Sequence: 1
2023-05-12 09:01 - S1F1
                    <L[3]
                        <A[1] "1">
                        <A[3] "100">
                        <L[2]
                            <L[2]
                                <A[7] "RPTID 1">
                                <L[2]
                                    <A[8] "01:26:43">
                                    <A[13] "Equipment OFF-LINE">
                            >
                        >
                            <L[2]
                                <A[7] "RPTID 2">
                                <L[2]
                                    <A[2] "30">
                                    <A[2] "10">
                                >
                            >
                    >
                    >
                    . 

2023-05-12 10:00 - SECS通訊日誌 - S2F13: [Header], Sequence: 3
2023-05-12 10:01 - S2F13
                    <L[3]
                        <A[1] "2">
                        <A[3] "200">
                        <L[2]
                            <L[2]
                                <A[7] "RPTID 3">
                                <L[2]
                                    <A[8] "02:45:33">
                                    <A[16] "Equipment PROCESSING">
                                >
                            >
                            <L[2]
                                <A[7] "RPTID 4">
                                <L[2]
                                    <A[2] "50">
                                    <A[2] "20">
                                >
                            >
                        >
                    >

2023-05-12 10:30 - SECS通訊日誌 - S2F14 (机台 to Server): [Header], Sequence: 4
2023-05-12 10:31 - S2F14
                    <A[4] 0X00>

2023-05-12 11:00 - SECS通訊日誌 - S2F15: [Header], Sequence: 5
2023-05-12 11:01 - S2F15
                    <L[3]
                        <A[1] "3">
                        <A[3] "300">
                        <L[2]
                            <L[2]
                                <A[7] "RPTID 5">
                                <L[2]
                                    <A[8] "03:12:15">
                                    <A[12] "Equipment IDLE">
                                >
                            >
                            <L[2]
                                <A[7] "RPTID 6">
                                <L[2]
                                    <A[2] "70">
                                    <A[2] "35">
                                >
                            >
                        >
                    >

2023-05-12 11:30 - SECS通訊日誌 - S2F16 (机台 to Server): [Header], Sequence: 6
2023-05-12 11:31 - S2F16
                    <A[4] 0X00>

2023-05-12 11:32 - S7F25 ***********
2023-05-12 11:33 - ******Content*****
2023-05-12 11:33 - SECS通訊日誌 - S6F11 (Server to 机台): [Header], Sequence: 8
2023-05-12 11:34 -  <A[4] 0X00>   
2023-05-12 11:34 - S7F26 ***********
2023-05-12 11:33 - ******Content*****
2023-05-12 11:34 - ******Content*****
2023-05-12 11:35 - ******Content*****
2023-05-12 15:00 - SECS通訊日誌 - S2F13: [Header], Sequence: 3
2023-05-12 15:01 - S2F13
                    <L[3]
                        <A[1] "2">
                        <A[3] "200">
                        <L[2]
                            <L[2]
                                <A[7] "RPTID 3">
                                <L[2]
                                    <A[8] "02:45:33">
                                    <A[16] "Equipment PROCESSING">
                                >
                            >
                            <L[2]
                                <A[7] "RPTID 4">
                                <L[2]
                                    <A[2] "50">
                                    <A[2] "20">
                                >
                            >
                        >
                    >

2023-05-12 15:30 - SECS通訊日誌 - S2F14 (机台 to Server): [Header], Sequence: 4
2023-05-12 15:31 - S2F14
                    <A[4] 0X00>

2023-05-12 17:32 - S7F13 ***********
2023-05-12 17:34 - ******Content*****
2023-05-12 17:35 - S2F14
                    <A[4] 0X00>
2023-05-12 17:33 - S7F13 ***********
2023-05-12 17:34 - S7F14 ***********
2023-05-12 17:34 - ******Content*****
2023-05-12 17:35 - S2F14
                    <A[4] 0X00>
2023-05-12 17:35 - S7F14 ***********